# JRE version: Java(TM) SE Runtime Environment (21.0.3+7) (build 21.0.3+7-LTS-152)
# Java VM: Java HotSpot(TM) 64-Bit Server VM (21.0.3+7-LTS-152, mixed mode, sharing, tiered, compressed oops, compressed class ptrs, g1 gc, windows-amd64)
GC Precious Log:
 CardTable entry size: 512
 Card Set container configuration: InlinePtr #cards 5 size 8 Array Of Cards #cards 12 size 40 Howl #buckets 4 coarsen threshold 1843 Howl Bitmap #cards 512 size 80 coarsen threshold 460 Card regions per heap region 1 cards per card region 2048
 CPUs: 4 total, 4 available
 Memory: 3916M
 Large Page Support: Disabled
 NUMA Support: Disabled
 Compressed Oops: Enabled (32-bit)
 Heap Region Size: 1M
 Heap Min Capacity: 8M
 Heap Initial Capacity: 62M
 Heap Max Capacity: 980M
 Pre-touch: Disabled
 Parallel Workers: 4
 Concurrent Workers: 1
 Concurrent Refinement Workers: 4
 Periodic GC: Disabled
Heap:
 garbage-first heap   total 71680K, used 48165K [0x00000000c2c00000, 0x0000000100000000)
  region size 1024K, 10 young (10240K), 2 survivors (2048K)
 Metaspace       used 75067K, committed 75840K, reserved 1179648K
  class space    used 9964K, committed 10304K, reserved 1048576K
GC Heap History (20 events):
Event: 34.505 GC heap before
{Heap before GC invocations=9 (full 0):
 garbage-first heap   total 63488K, used 39471K [0x00000000c2c00000, 0x0000000100000000)
  region size 1024K, 20 young (20480K), 4 survivors (4096K)
 Metaspace       used 35456K, committed 35968K, reserved 1114112K
  class space    used 4319K, committed 4544K, reserved 1048576K
}
Event: 34.519 GC heap after
{Heap after GC invocations=10 (full 0):
 garbage-first heap   total 63488K, used 26205K [0x00000000c2c00000, 0x0000000100000000)
  region size 1024K, 2 young (2048K), 2 survivors (2048K)
 Metaspace       used 35456K, committed 35968K, reserved 1114112K
  class space    used 4319K, committed 4544K, reserved 1048576K
}
Event: 37.686 GC heap before
{Heap before GC invocations=11 (full 0):
 garbage-first heap   total 63488K, used 51805K [0x00000000c2c00000, 0x0000000100000000)
  region size 1024K, 28 young (28672K), 2 survivors (2048K)
 Metaspace       used 42899K, committed 43456K, reserved 1114112K
  class space    used 5443K, committed 5696K, reserved 1048576K
}
Event: 37.692 GC heap after
{Heap after GC invocations=12 (full 0):
 garbage-first heap   total 63488K, used 27926K [0x00000000c2c00000, 0x0000000100000000)
  region size 1024K, 3 young (3072K), 3 survivors (3072K)
 Metaspace       used 42899K, committed 43456K, reserved 1114112K
  class space    used 5443K, committed 5696K, reserved 1048576K
}
Event: 41.575 GC heap before
{Heap before GC invocations=12 (full 0):
 garbage-first heap   total 63488K, used 53526K [0x00000000c2c00000, 0x0000000100000000)
  region size 1024K, 28 young (28672K), 3 survivors (3072K)
 Metaspace       used 51992K, committed 52544K, reserved 1114112K
  class space    used 6596K, committed 6848K, reserved 1048576K
}
Event: 41.605 GC heap after
{Heap after GC invocations=13 (full 0):
 garbage-first heap   total 63488K, used 30204K [0x00000000c2c00000, 0x0000000100000000)
  region size 1024K, 4 young (4096K), 4 survivors (4096K)
 Metaspace       used 51992K, committed 52544K, reserved 1114112K
  class space    used 6596K, committed 6848K, reserved 1048576K
}
Event: 43.539 GC heap before
{Heap before GC invocations=13 (full 0):
 garbage-first heap   total 63488K, used 53756K [0x00000000c2c00000, 0x0000000100000000)
  region size 1024K, 28 young (28672K), 4 survivors (4096K)
 Metaspace       used 59422K, committed 60032K, reserved 1114112K
  class space    used 7754K, committed 8000K, reserved 1048576K
}
Event: 43.557 GC heap after
{Heap after GC invocations=14 (full 0):
 garbage-first heap   total 63488K, used 32028K [0x00000000c2c00000, 0x0000000100000000)
  region size 1024K, 2 young (2048K), 2 survivors (2048K)
 Metaspace       used 59422K, committed 60032K, reserved 1114112K
  class space    used 7754K, committed 8000K, reserved 1048576K
}
Event: 43.602 GC heap before
{Heap before GC invocations=14 (full 0):
 garbage-first heap   total 63488K, used 32028K [0x00000000c2c00000, 0x0000000100000000)
  region size 1024K, 3 young (3072K), 2 survivors (2048K)
 Metaspace       used 59699K, committed 60288K, reserved 1114112K
  class space    used 7792K, committed 8064K, reserved 1048576K
}
Event: 43.605 GC heap after
{Heap after GC invocations=15 (full 0):
 garbage-first heap   total 63488K, used 31921K [0x00000000c2c00000, 0x0000000100000000)
  region size 1024K, 2 young (2048K), 2 survivors (2048K)
 Metaspace       used 59699K, committed 60288K, reserved 1114112K
  class space    used 7792K, committed 8064K, reserved 1048576K
}
Event: 45.343 GC heap before
{Heap before GC invocations=16 (full 0):
 garbage-first heap   total 63488K, used 54449K [0x00000000c2c00000, 0x0000000100000000)
  region size 1024K, 25 young (25600K), 2 survivors (2048K)
 Metaspace       used 63773K, committed 64448K, reserved 1114112K
  class space    used 8405K, committed 8704K, reserved 1048576K
}
Event: 45.349 GC heap after
{Heap after GC invocations=17 (full 0):
 garbage-first heap   total 63488K, used 32945K [0x00000000c2c00000, 0x0000000100000000)
  region size 1024K, 3 young (3072K), 3 survivors (3072K)
 Metaspace       used 63773K, committed 64448K, reserved 1114112K
  class space    used 8405K, committed 8704K, reserved 1048576K
}
Event: 47.977 GC heap before
{Heap before GC invocations=17 (full 0):
 garbage-first heap   total 63488K, used 55473K [0x00000000c2c00000, 0x0000000100000000)
  region size 1024K, 25 young (25600K), 3 survivors (3072K)
 Metaspace       used 68532K, committed 69184K, reserved 1114112K
  class space    used 9000K, committed 9280K, reserved 1048576K
}
Event: 47.993 GC heap after
{Heap after GC invocations=18 (full 0):
 garbage-first heap   total 63488K, used 35010K [0x00000000c2c00000, 0x0000000100000000)
  region size 1024K, 4 young (4096K), 4 survivors (4096K)
 Metaspace       used 68532K, committed 69184K, reserved 1114112K
  class space    used 9000K, committed 9280K, reserved 1048576K
}
Event: 51.039 GC heap before
{Heap before GC invocations=19 (full 0):
 garbage-first heap   total 63488K, used 54466K [0x00000000c2c00000, 0x0000000100000000)
  region size 1024K, 23 young (23552K), 4 survivors (4096K)
 Metaspace       used 70171K, committed 70912K, reserved 1114112K
  class space    used 9267K, committed 9600K, reserved 1048576K
}
Event: 51.062 GC heap after
{Heap after GC invocations=20 (full 0):
 garbage-first heap   total 63488K, used 37297K [0x00000000c2c00000, 0x0000000100000000)
  region size 1024K, 3 young (3072K), 3 survivors (3072K)
 Metaspace       used 70171K, committed 70912K, reserved 1114112K
  class space    used 9267K, committed 9600K, reserved 1048576K
}
Event: 53.050 GC heap before
{Heap before GC invocations=20 (full 0):
 garbage-first heap   total 63488K, used 54705K [0x00000000c2c00000, 0x0000000100000000)
  region size 1024K, 20 young (20480K), 3 survivors (3072K)
 Metaspace       used 72310K, committed 73024K, reserved 1114112K
  class space    used 9580K, committed 9920K, reserved 1048576K
}
Event: 53.060 GC heap after
{Heap after GC invocations=21 (full 0):
 garbage-first heap   total 63488K, used 39024K [0x00000000c2c00000, 0x0000000100000000)
  region size 1024K, 3 young (3072K), 3 survivors (3072K)
 Metaspace       used 72310K, committed 73024K, reserved 1114112K
  class space    used 9580K, committed 9920K, reserved 1048576K
}
Event: 55.731 GC heap before
{Heap before GC invocations=21 (full 0):
 garbage-first heap   total 63488K, used 55408K [0x00000000c2c00000, 0x0000000100000000)
  region size 1024K, 19 young (19456K), 3 survivors (3072K)
 Metaspace       used 74551K, committed 75328K, reserved 1114112K
  class space    used 9892K, committed 10240K, reserved 1048576K
}
Event: 55.741 GC heap after
{Heap after GC invocations=22 (full 0):
 garbage-first heap   total 63488K, used 40997K [0x00000000c2c00000, 0x0000000100000000)
  region size 1024K, 2 young (2048K), 2 survivors (2048K)
 Metaspace       used 74551K, committed 75328K, reserved 1114112K
  class space    used 9892K, committed 10240K, reserved 1048576K
}

